<?xml version="1.0" encoding="UTF-8" ?>
<testsuite tests="6" failures="0" name="cucumber.TestRunner" time="0.64" errors="0" skipped="0">
  <properties>
[...]
</properties>
  <testcase classname="Scenario: Open the secure pay home page via google" name="Given I launch google" time="0.002"/>
  <testcase classname="Scenario: Open the secure pay home page via google" name="When I search for key&quot;securepay&quot;" time="0"/>
  <testcase classname="Scenario: Open the secure pay home page via google" name="Then I click on desired link" time="0"/>
  <testcase classname="Scenario: Open the secure pay home page via google" name="And I navigate to the contact us page" time="0"/>
  <testcase classname="Scenario: Open the secure pay home page via google" name="Then I fill the contact us form" time="0"/>
  <testcase classname="Scenario: Open the secure pay home page via google" name="Scenario: Open the secure pay home page via google" time="0.638"/>
</testsuite>